<?xml version="1.0" encoding="UTF-8"?>
<!-- Generated by org.testng.reporters.JUnitXMLReporter -->
<testsuite ignored="0" hostname="HAMILTON-QA11L" failures="0" tests="3" name="Default test" time="0.047" errors="0" timestamp="2022-05-11T12:25:19 IST">
  <testcase classname="Assertions.Soft_Assertion" name="test1" time="0.009"/>
  <testcase classname="Assertions.Soft_Assertion" name="test2" time="0.001"/>
  <testcase classname="Assertions.Soft_Assertion" name="test3" time="0.0"/>
</testsuite> <!-- Default test -->
