<?xml version="1.0" encoding="UTF-8"?>
<testng-results ignored="0" total="2" passed="2" failed="0" skipped="0">
  <reporter-output>
  </reporter-output>
  <suite started-at="2022-05-10T10:32:03 IST" name="Suite" finished-at="2022-05-10T10:32:03 IST" duration-ms="29">
    <groups>
    </groups>
    <test started-at="2022-05-10T10:32:03 IST" name="Test" finished-at="2022-05-10T10:32:03 IST" duration-ms="29">
      <class name="MavenSeleniumPractice.DriverClass">
        <test-method is-config="true" signature="launch()[pri:0, instance:MavenSeleniumPractice.DriverClass@53ce1329]" started-at="2022-05-10T10:31:53 IST" name="launch" finished-at="2022-05-10T10:32:03 IST" duration-ms="9356" status="PASS">
          <reporter-output>
          </reporter-output>
        </test-method> <!-- launch -->
        <test-method signature="test()[pri:0, instance:MavenSeleniumPractice.DriverClass@53ce1329]" started-at="2022-05-10T10:32:03 IST" name="test" finished-at="2022-05-10T10:32:03 IST" duration-ms="1" status="PASS">
          <reporter-output>
          </reporter-output>
        </test-method> <!-- test -->
        <test-method signature="verifytitle()[pri:0, instance:MavenSeleniumPractice.DriverClass@53ce1329]" started-at="2022-05-10T10:32:03 IST" name="verifytitle" finished-at="2022-05-10T10:32:03 IST" duration-ms="10" status="PASS">
          <reporter-output>
          </reporter-output>
        </test-method> <!-- verifytitle -->
        <test-method is-config="true" signature="close()[pri:0, instance:MavenSeleniumPractice.DriverClass@53ce1329]" started-at="2022-05-10T10:32:03 IST" name="close" finished-at="2022-05-10T10:32:03 IST" duration-ms="66" status="PASS">
          <reporter-output>
          </reporter-output>
        </test-method> <!-- close -->
      </class> <!-- MavenSeleniumPractice.DriverClass -->
    </test> <!-- Test -->
  </suite> <!-- Suite -->
</testng-results>
