<?xml version="1.0" encoding="UTF-8"?>
<testng-results ignored="0" total="3" passed="3" failed="0" skipped="0">
  <reporter-output>
  </reporter-output>
  <suite started-at="2022-05-11T12:25:19 IST" name="Default suite" finished-at="2022-05-11T12:25:19 IST" duration-ms="47">
    <groups>
    </groups>
    <test started-at="2022-05-11T12:25:19 IST" name="Default test" finished-at="2022-05-11T12:25:19 IST" duration-ms="47">
      <class name="Assertions.Soft_Assertion">
        <test-method signature="test1()[pri:0, instance:Assertions.Soft_Assertion@bae7dc0]" started-at="2022-05-11T12:25:19 IST" name="test1" finished-at="2022-05-11T12:25:19 IST" duration-ms="9" status="PASS">
          <reporter-output>
          </reporter-output>
        </test-method> <!-- test1 -->
        <test-method signature="test2()[pri:0, instance:Assertions.Soft_Assertion@bae7dc0]" started-at="2022-05-11T12:25:19 IST" name="test2" finished-at="2022-05-11T12:25:19 IST" duration-ms="1" status="PASS">
          <reporter-output>
          </reporter-output>
        </test-method> <!-- test2 -->
        <test-method signature="test3()[pri:0, instance:Assertions.Soft_Assertion@bae7dc0]" started-at="2022-05-11T12:25:19 IST" name="test3" finished-at="2022-05-11T12:25:19 IST" duration-ms="0" status="PASS">
          <reporter-output>
          </reporter-output>
        </test-method> <!-- test3 -->
      </class> <!-- Assertions.Soft_Assertion -->
    </test> <!-- Default test -->
  </suite> <!-- Default suite -->
</testng-results>
